<?xml version="1.0" encoding="UTF-8"?>
<!-- Generated by org.testng.reporters.JUnitReportReporter -->
<testsuite hostname="Pratham" failures="0" tests="1" name="Runner.KeywordRunner" time="55.964" errors="0" timestamp="2025-11-17T21:13:19 IST" skipped="0">
  <testcase classname="Runner.KeywordRunner" name="getGetKeyword" time="55.964">
    <system-out>
      <![CDATA[<div style='text-align:center;color:green;'><strong><i><u>TO DELETE ADMIN USER IN ORANGE HRM</u></i></strong></div>
<div style='text-align:left;color:blue;'><strong><i><u>Login Steps</u></i></strong></div>
Entered  Admin In Username Textfield
Entered  admin123 In Password Textfield
Clicked on Login Button
<div style='text-align:left;color:blue;'><strong><i><u> Validating Admin User Steps</u></i></strong></div>
Clicked on Admin to add user
Clicked on Clicked on UserRole
Clicked on ESS
Entered  Ranga In Inserted Value in field Employee Name
Clicked on Ranga
Clicked on  Status field 
Clicked on Status Suggestion
Entered  Ranga In Inserted value UserName field 
Clicked on Search button
Fetched (1) Record Found From Search Record Count
Verfication Sucessful for total Records !!
Validated UserName as Ranga
Validated UserRole as ESS
Validated Employee Name as Ranga Akunuri
Validated Status as Enabled
<div style='text-align:left;color:blue;'><strong><i><u> Delete Admin User Steps</u></i></strong></div>
Clicked on Delete icon
Clicked on Yes in Delete Alert
Fetched No Records Found From Search Record Count
<div style='text-align:left;color:blue;'><strong><i><u> Logoff Steps</u></i></strong></div>
Clicked on  Dashboard
Clicked on  UserIcon
Clicked on  Logout button]]>
    </system-out>
  </testcase> <!-- getGetKeyword -->
  <system-out>
    <![CDATA[<div style='text-align:center;color:green;'><strong><i><u>TO DELETE ADMIN USER IN ORANGE HRM</u></i></strong></div>
<div style='text-align:left;color:blue;'><strong><i><u>Login Steps</u></i></strong></div>
Entered  Admin In Username Textfield
Entered  admin123 In Password Textfield
Clicked on Login Button
<div style='text-align:left;color:blue;'><strong><i><u> Validating Admin User Steps</u></i></strong></div>
Clicked on Admin to add user
Clicked on Clicked on UserRole
Clicked on ESS
Entered  Ranga In Inserted Value in field Employee Name
Clicked on Ranga
Clicked on  Status field 
Clicked on Status Suggestion
Entered  Ranga In Inserted value UserName field 
Clicked on Search button
Fetched (1) Record Found From Search Record Count
Verfication Sucessful for total Records !!
Validated UserName as Ranga
Validated UserRole as ESS
Validated Employee Name as Ranga Akunuri
Validated Status as Enabled
<div style='text-align:left;color:blue;'><strong><i><u> Delete Admin User Steps</u></i></strong></div>
Clicked on Delete icon
Clicked on Yes in Delete Alert
Fetched No Records Found From Search Record Count
<div style='text-align:left;color:blue;'><strong><i><u> Logoff Steps</u></i></strong></div>
Clicked on  Dashboard
Clicked on  UserIcon
Clicked on  Logout button]]>
  </system-out>
</testsuite> <!-- Runner.KeywordRunner -->
