<?xml version="1.0" encoding="UTF-8"?>
<!-- Generated by org.testng.reporters.JUnitReportReporter -->
<testsuite hostname="Pratham" failures="0" tests="2" name="Runner.TestRunner" time="35.423" errors="0" timestamp="2025-10-27T20:42:50 IST" skipped="0">
  <testcase classname="Runner.TestRunner" name="loginFunctionalityTest" time="15.144">
    <system-out>
      <![CDATA[Entered  Admin In Username Textfield
Entered  admin123 In Password Textfield
Clicked on Login Button]]>
    </system-out>
  </testcase> <!-- loginFunctionalityTest -->
  <testcase classname="Runner.TestRunner" name="addPimUser" time="20.279">
    <system-out>
      <![CDATA[Entered  Admin In Username Textfield
Entered  admin123 In Password Textfield
Clicked on Login Button
Clicked on Pim Menu
Clicked on Add User Button
Entered  Prathamesh  In First Name Textfield
Entered  Sandeep In MiddleName Textfield
Entered  Sawant In LastName Textfield
Clicked on Save Button]]>
    </system-out>
  </testcase> <!-- addPimUser -->
  <system-out>
    <![CDATA[Entered  Admin In Username Textfield
Entered  admin123 In Password Textfield
Clicked on Login Button
Entered  Admin In Username Textfield
Entered  admin123 In Password Textfield
Clicked on Login Button
Clicked on Pim Menu
Clicked on Add User Button
Entered  Prathamesh  In First Name Textfield
Entered  Sandeep In MiddleName Textfield
Entered  Sawant In LastName Textfield
Clicked on Save Button]]>
  </system-out>
</testsuite> <!-- Runner.TestRunner -->
